<?xml version="1.0" encoding="UTF-8"?>
<!-- Generated by org.testng.reporters.JUnitXMLReporter -->
<testsuite ignored="0" hostname="Alekseys-MacBook-Pro.local" failures="0" tests="2" name="Surefire test" time="45.496" errors="0" timestamp="23 Apr 2022 12:40:34 GMT">
  <testcase classname="grin.aleksey.AppTest" name="calculatorMinusTest on calculatorMinusTest(grin.aleksey.AppTest)" time="42.733"/>
  <testcase classname="grin.aleksey.AppTest" name="calculatorPlusTest on calculatorPlusTest(grin.aleksey.AppTest)" time="45.459"/>
</testsuite> <!-- Surefire test -->
