<?xml version="1.0" encoding="UTF-8"?>
<testng-results ignored="0" total="1" passed="1" failed="0" skipped="0">
  <reporter-output>
  </reporter-output>
  <suite started-at="2022-04-18T14:47:43Z" name="Surefire suite" finished-at="2022-04-18T14:47:43Z" duration-ms="29">
    <groups>
    </groups>
    <test started-at="2022-04-18T14:47:43Z" name="Surefire test" finished-at="2022-04-18T14:47:43Z" duration-ms="29">
      <class name="net.devcol.AppTest">
        <test-method signature="shouldAnswerWithTrue()" started-at="2022-04-18T17:47:43Z" name="shouldAnswerWithTrue" finished-at="2022-04-18T17:47:43Z" duration-ms="12" status="PASS">
          <reporter-output>
          </reporter-output>
        </test-method> <!-- shouldAnswerWithTrue -->
      </class> <!-- net.devcol.AppTest -->
    </test> <!-- Surefire test -->
  </suite> <!-- Surefire suite -->
</testng-results>
