<?xml version="1.0" encoding="UTF-8"?>
<testsuite xmlns:xsi="http://www.w3.org/2001/XMLSchema-instance" xsi:noNamespaceSchemaLocation="https://maven.apache.org/surefire/maven-surefire-plugin/xsd/surefire-test-report.xsd" name="grin.aleksey.AppTest" time="45.847" tests="2" errors="0" skipped="0" failures="0">
  <properties>
[...]
</properties>
  <testcase name="calculatorMinusTest on calculatorMinusTest(grin.aleksey.AppTest)" classname="grin.aleksey.AppTest" time="42.73"/>
  <testcase name="calculatorPlusTest on calculatorPlusTest(grin.aleksey.AppTest)" classname="grin.aleksey.AppTest" time="2.725"/>
</testsuite>