<?xml version="1.0" encoding="UTF-8"?>
<testng-results ignored="0" total="2" passed="2" failed="0" skipped="0">
  <reporter-output>
  </reporter-output>
  <suite started-at="2022-04-23T12:39:49Z" name="Surefire suite" finished-at="2022-04-23T12:40:34Z" duration-ms="45496">
    <groups>
    </groups>
    <test started-at="2022-04-23T12:39:49Z" name="Surefire test" finished-at="2022-04-23T12:40:34Z" duration-ms="45496">
      <class name="grin.aleksey.AppTest">
        <test-method signature="calculatorMinusTest()" started-at="2022-04-23T15:39:49Z" name="calculatorMinusTest" finished-at="2022-04-23T15:40:31Z" duration-ms="42733" status="PASS">
          <reporter-output>
          </reporter-output>
        </test-method> <!-- calculatorMinusTest -->
        <test-method signature="calculatorPlusTest()" started-at="2022-04-23T15:39:49Z" name="calculatorPlusTest" finished-at="2022-04-23T15:40:34Z" duration-ms="45459" status="PASS">
          <reporter-output>
          </reporter-output>
        </test-method> <!-- calculatorPlusTest -->
      </class> <!-- grin.aleksey.AppTest -->
    </test> <!-- Surefire test -->
  </suite> <!-- Surefire suite -->
</testng-results>
